[debug] ----------------------------------------------------------------------
[debug] Command:      /Users/Adam/.nvm/versions/node/v4.4.3/bin/node /Users/Adam/.nvm/versions/node/v4.4.3/bin/firebase deploy
[debug] CLI Version:  3.0.8
[debug] Platform:     darwin
[debug] Node Version: v4.4.3
[debug] Time:         Thu Dec 22 2016 22:58:58 GMT-0500 (EST)
[debug] ----------------------------------------------------------------------
[debug] 
[debug] > command requires scopes: ["email","openid","https://www.googleapis.com/auth/cloudplatformprojects.readonly","https://www.googleapis.com/auth/firebase"]
[debug] > refreshing access token with scopes: ["email","https://www.googleapis.com/auth/cloudplatformprojects.readonly","https://www.googleapis.com/auth/firebase","openid"]
[debug] >>> HTTP REQUEST POST https://www.googleapis.com/oauth2/v3/token
[debug] <<< HTTP RESPONSE 200
[debug] >>> HTTP REQUEST GET https://admin.firebase.com/v1/projects/sbfc-4f832 
[debug] <<< HTTP RESPONSE 200
[debug] >>> HTTP REQUEST GET https://admin.firebase.com/v1/database/sbfc-4f832/tokens 
[debug] <<< HTTP RESPONSE 200
[info] 
[info] === Deploying to 'sbfc-4f832'...
[info] 
[info] i  deploying database, hosting
[info] ✔  database: rules ready to deploy.
[info] i  hosting: preparing www directory for upload...
[debug] >>> HTTP REQUEST PUT https://deploy.firebase.com/v1/hosting/sbfc-4f832/uploads/-KZdpErq3E2CvILYllOx?fileCount=736&message= 
[debug] ----------------------------------------------------------------------
[debug] Command:      /Users/Adam/.nvm/versions/node/v4.4.3/bin/node /Users/Adam/.nvm/versions/node/v4.4.3/bin/firebase deploy
[debug] CLI Version:  3.0.8
[debug] Platform:     darwin
[debug] Node Version: v4.4.3
[debug] Time:         Thu Dec 22 2016 23:53:11 GMT-0500 (EST)
[debug] ----------------------------------------------------------------------
[debug] 
[debug] > command requires scopes: ["email","openid","https://www.googleapis.com/auth/cloudplatformprojects.readonly","https://www.googleapis.com/auth/firebase"]
[debug] > refreshing access token with scopes: ["email","https://www.googleapis.com/auth/cloudplatformprojects.readonly","https://www.googleapis.com/auth/firebase","openid"]
[debug] >>> HTTP REQUEST POST https://www.googleapis.com/oauth2/v3/token
[debug] <<< HTTP RESPONSE 200
[debug] >>> HTTP REQUEST GET https://admin.firebase.com/v1/projects/sbfc-4f832 
[debug] <<< HTTP RESPONSE 200
[debug] >>> HTTP REQUEST GET https://admin.firebase.com/v1/database/sbfc-4f832/tokens 
[debug] <<< HTTP RESPONSE 200
[info] 
[info] === Deploying to 'sbfc-4f832'...
[info] 
[info] i  deploying database, hosting
[info] ✔  database: rules ready to deploy.
[info] i  hosting: preparing www directory for upload...
[debug] >>> HTTP REQUEST PUT https://deploy.firebase.com/v1/hosting/sbfc-4f832/uploads/-KZe0ds4suyAGtEEEGXZ?fileCount=736&message= 
[debug] Error: write EPIPE
    at exports._errnoException (util.js:870:11)
    at WriteWrap.afterWrite (net.js:769:14)
[error] 
[error] Error: Server Error. write EPIPE
