0 info it worked if it ends with ok
1 verbose cli [ '/usr/local/bin/node',
1 verbose cli   '/usr/local/bin/npm',
1 verbose cli   'install',
1 verbose cli   '-g',
1 verbose cli   'gulp' ]
2 info using npm@3.10.8
3 info using node@v6.9.1
4 silly loadCurrentTree Starting
5 silly install loadCurrentTree
6 silly install readGlobalPackageData
7 silly fetchPackageMetaData gulp
8 silly fetchOtherPackageData gulp
9 silly cache add args [ 'gulp', null ]
10 verbose cache add spec gulp
11 silly cache add parsed spec Result {
11 silly cache add   raw: 'gulp',
11 silly cache add   scope: null,
11 silly cache add   escapedName: 'gulp',
11 silly cache add   name: null,
11 silly cache add   rawSpec: 'gulp',
11 silly cache add   spec: '/Users/panda/Documents/Ionic/Adam/SBFC/gulp',
11 silly cache add   type: 'local' }
12 silly addLocalTarball shasum (computed) 9a4c5cc4dcdaa8cd2cbd7bda264cee38474277de
13 verbose addTmpTarball /Users/panda/Documents/Ionic/Adam/SBFC/gulp not in flight; adding
14 verbose correctMkdir /Users/panda/.npm correctMkdir not in flight; initializing
15 verbose addTmpTarball validating metadata from /Users/panda/Documents/Ionic/Adam/SBFC/gulp
16 verbose tar unpack /Users/panda/Documents/Ionic/Adam/SBFC/gulp
17 verbose tar unpacking to /tmp/npm-3244-c0886739/unpack-d623c0b8
18 silly gentlyRm /tmp/npm-3244-c0886739/unpack-d623c0b8 is being purged
19 verbose gentlyRm don't care about contents; nuking /tmp/npm-3244-c0886739/unpack-d623c0b8
20 silly gunzTarPerm modes [ '755', '644' ]
21 error not a package /Users/panda/Documents/Ionic/Adam/SBFC/gulp
22 error addLocal Could not install /Users/panda/Documents/Ionic/Adam/SBFC/gulp
23 silly fetchPackageMetaData Error: ENOENT: no such file or directory, open '/tmp/npm-3244-c0886739/unpack-d623c0b8/package.json'
23 silly fetchPackageMetaData     at Error (native)
23 silly fetchPackageMetaData  error for gulp { Error: ENOENT: no such file or directory, open '/tmp/npm-3244-c0886739/unpack-d623c0b8/package.json'
23 silly fetchPackageMetaData     at Error (native)
23 silly fetchPackageMetaData   errno: -2,
23 silly fetchPackageMetaData   code: 'ENOENT',
23 silly fetchPackageMetaData   syscall: 'open',
23 silly fetchPackageMetaData   path: '/tmp/npm-3244-c0886739/unpack-d623c0b8/package.json' }
24 silly rollbackFailedOptional Starting
25 silly rollbackFailedOptional Finishing
26 silly runTopLevelLifecycles Finishing
27 silly install printInstalled
28 verbose stack Error: ENOENT: no such file or directory, open '/tmp/npm-3244-c0886739/unpack-d623c0b8/package.json'
28 verbose stack     at Error (native)
29 verbose cwd /Users/panda/Documents/Ionic/Adam/SBFC
30 error Darwin 16.0.0
31 error argv "/usr/local/bin/node" "/usr/local/bin/npm" "install" "-g" "gulp"
32 error node v6.9.1
33 error npm  v3.10.8
34 error path /tmp/npm-3244-c0886739/unpack-d623c0b8/package.json
35 error code ENOENT
36 error errno -2
37 error syscall open
38 error enoent ENOENT: no such file or directory, open '/tmp/npm-3244-c0886739/unpack-d623c0b8/package.json'
39 error enoent ENOENT: no such file or directory, open '/tmp/npm-3244-c0886739/unpack-d623c0b8/package.json'
39 error enoent This is most likely not a problem with npm itself
39 error enoent and is related to npm not being able to find a file.
40 verbose exit [ -2, true ]
